<!DOCTYPE html>
<html>
<head>
<meta http-equiv="Content-Type" content="text/html; charset=utf-8"/>
<meta http-equiv="x-ua-compatible" content="IE=edge"/>
<title>Test results - Class Banco</title>
<link href="../css/base-style.css" rel="stylesheet" type="text/css"/>
<link href="../css/style.css" rel="stylesheet" type="text/css"/>
<script src="../js/report.js" type="text/javascript"></script>
</head>
<body>
<div id="content">
<h1>Class Banco</h1>
<div class="breadcrumbs">
<a href="../index.html">all</a> &gt; 
<a href="../packages/default-package.html">default-package</a> &gt; Banco</div>
<div id="summary">
<table>
<tr>
<td>
<div class="summaryGroup">
<table>
<tr>
<td>
<div class="infoBox" id="tests">
<div class="counter">1</div>
<p>tests</p>
</div>
</td>
<td>
<div class="infoBox" id="failures">
<div class="counter">1</div>
<p>failures</p>
</div>
</td>
<td>
<div class="infoBox" id="ignored">
<div class="counter">0</div>
<p>ignored</p>
</div>
</td>
<td>
<div class="infoBox" id="duration">
<div class="counter">45.404s</div>
<p>duration</p>
</div>
</td>
</tr>
</table>
</div>
</td>
<td>
<div class="infoBox failures" id="successRate">
<div class="percent">0%</div>
<p>successful</p>
</div>
</td>
</tr>
</table>
</div>
<div id="tabs">
<ul class="tabLinks">
<li>
<a href="#tab0">Failed tests</a>
</li>
<li>
<a href="#tab1">Tests</a>
</li>
<li>
<a href="#tab2">Standard error</a>
</li>
</ul>
<div id="tab0" class="tab">
<h2>Failed tests</h2>
<div class="test">
<a name="Verificar documentación de Banco"></a>
<h3 class="failures">Verificar documentación de Banco</h3>
<span class="code">
<pre>java.lang.AssertionError: 
Expected: an element that is present
     but: no matching element found by xpath: //a[@aria-expanded='true'] was not present
	at net.serenitybdd.screenplay.ErrorTally.throwSummaryExceptionFrom(ErrorTally.java:36)
	at net.serenitybdd.screenplay.ErrorTally.reportAnyErrors(ErrorTally.java:30)
	at net.serenitybdd.screenplay.Actor.should(Actor.java:301)
	at net.serenitybdd.screenplay.waits.WaitUntilTargetIsReady.performAs(WaitUntilTargetIsReady.java:27)
	at net.serenitybdd.screenplay.waits.WaitUntilTargetIsReady$ByteBuddy$kl2jaXh1.performAs$accessor$Z3PiCy50(Unknown Source)
	at sun.reflect.NativeMethodAccessorImpl.invoke0(Native Method)
	at sun.reflect.NativeMethodAccessorImpl.invoke(NativeMethodAccessorImpl.java:62)
	at sun.reflect.DelegatingMethodAccessorImpl.invoke(DelegatingMethodAccessorImpl.java:43)
	at java.lang.reflect.Method.invoke(Method.java:498)
	at net.thucydides.core.steps.StepInterceptor.invokeMethod(StepInterceptor.java:471)
	at net.thucydides.core.steps.StepInterceptor.runBaseObjectMethod(StepInterceptor.java:368)
	at net.thucydides.core.steps.StepInterceptor.intercept(StepInterceptor.java:73)
	at net.serenitybdd.screenplay.waits.WaitUntilTargetIsReady$ByteBuddy$kl2jaXh1.performAs(Unknown Source)
	at net.serenitybdd.screenplay.Actor.performTask(Actor.java:233)
	at net.serenitybdd.screenplay.Actor.perform(Actor.java:214)
	at net.serenitybdd.screenplay.Actor.performSilently(Actor.java:194)
	at net.serenitybdd.screenplay.Actor.attemptsTo(Actor.java:167)
	at test.automatization.tasks.NavegarPagina.performAs(NavegarPagina.java:24)
	at test.automatization.tasks.NavegarPagina$ByteBuddy$fVW3moOk.performAs$accessor$idO9ByZi(Unknown Source)
	at sun.reflect.NativeMethodAccessorImpl.invoke0(Native Method)
	at sun.reflect.NativeMethodAccessorImpl.invoke(NativeMethodAccessorImpl.java:62)
	at sun.reflect.DelegatingMethodAccessorImpl.invoke(DelegatingMethodAccessorImpl.java:43)
	at java.lang.reflect.Method.invoke(Method.java:498)
	at net.thucydides.core.steps.StepInterceptor.invokeMethod(StepInterceptor.java:471)
	at net.thucydides.core.steps.StepInterceptor.executeTestStepMethod(StepInterceptor.java:451)
	at net.thucydides.core.steps.StepInterceptor.runTestStep(StepInterceptor.java:424)
	at net.thucydides.core.steps.StepInterceptor.runOrSkipMethod(StepInterceptor.java:180)
	at net.thucydides.core.steps.StepInterceptor.testStepResult(StepInterceptor.java:167)
	at net.thucydides.core.steps.StepInterceptor.intercept(StepInterceptor.java:75)
	at test.automatization.tasks.NavegarPagina$ByteBuddy$fVW3moOk.performAs(Unknown Source)
	at net.serenitybdd.screenplay.Actor.performTask(Actor.java:233)
	at net.serenitybdd.screenplay.Actor.perform(Actor.java:214)
	at net.serenitybdd.screenplay.Actor.attemptsTo(Actor.java:171)
	at test.automatization.stepdefinitions.NavegarBanco.navegaEnLaPagina(NavegarBanco.java:31)
	at ✽.navega en la pagina(src/test/resources/feature/Banco.feature:12)
</pre>
</span>
</div>
</div>
<div id="tab1" class="tab">
<h2>Tests</h2>
<table>
<thead>
<tr>
<th>Test</th>
<th>Duration</th>
<th>Result</th>
</tr>
</thead>
<tr>
<td class="failures">Verificar documentación de Banco</td>
<td class="failures">45.404s</td>
<td class="failures">failed</td>
</tr>
</table>
</div>
<div id="tab2" class="tab">
<h2>Standard error</h2>
<span class="code">
<pre>[Test worker] WARN net.thucydides.core.steps.BaseStepListener - stepStarted: net.thucydides.core.steps.ExecutedStepDescription@44e3760b
[Test worker] WARN net.thucydides.core.steps.BaseStepListener - stepStarted: net.thucydides.core.steps.ExecutedStepDescription@de88ac6
mar 02, 2023 1:10:36 AM org.openqa.selenium.remote.DesiredCapabilities chrome
INFORMACIÓN: Using `new ChromeOptions()` is preferred to `DesiredCapabilities.chrome()`
[Test worker] INFO net.serenitybdd.core.webdriver.driverproviders.ProvideNewDriver - Instantiating driver
[Test worker] INFO net.serenitybdd.core.webdriver.driverproviders.ProvideNewDriver - Driver capabilities: Capabilities {acceptInsecureCerts: false, browserName: chrome, chrome.switches: --start-maximized, --args -..., goog:chromeOptions: {args: [--start-maximized, --args -disable-extensions, --lang=es-mx], extensions: []}, loggingPrefs: org.openqa.selenium.logging..., platform: ANY, unhandledPromptBehavior: ignore, version: }
Starting ChromeDriver 110.0.5481.77 (65ed616c6e8ee3fe0ad64fe83796c020644d42af-refs/branch-heads/5481@{#839}) on port 3699
Only local connections are allowed.
Please see https://chromedriver.chromium.org/security-considerations for suggestions on keeping ChromeDriver safe.
ChromeDriver was started successfully.
[1677737439.947][WARNING]: virtual void DevToolsClientImpl::AddListener(DevToolsEventListener *) subscribing a listener to the already connected DevToolsClient. Connection notification will not arrive.
mar 02, 2023 1:10:40 AM org.openqa.selenium.remote.ProtocolHandshake createSession
INFORMACIÓN: Detected dialect: W3C
[Test worker] WARN net.thucydides.core.steps.BaseStepListener - stepFinished: current outcome:Verificar documentación de Banco:Dado Que el usuario ingresa a la página del banco [Alvaro opens the Pagina banco]
[Test worker] WARN net.thucydides.core.steps.BaseStepListener - stepFinished: current outcome:Verificar documentación de Banco:Dado Que el usuario ingresa a la página del banco [Alvaro opens the Pagina banco]
[Test worker] WARN net.thucydides.core.steps.BaseStepListener - stepStarted: net.thucydides.core.steps.ExecutedStepDescription@753fd7a1
[Test worker] WARN net.thucydides.core.steps.BaseStepListener - stepStarted: net.thucydides.core.steps.ExecutedStepDescription@32a2a6be
[Test worker] WARN net.thucydides.core.steps.BaseStepListener - stepStarted: net.thucydides.core.steps.ExecutedStepDescription@124dac75
[Test worker] WARN net.thucydides.core.steps.BaseStepListener - stepFinished: current outcome:Verificar documentación de Banco:Dado Que el usuario ingresa a la página del banco [Alvaro opens the Pagina banco], Cuando navega en la pagina [Alvaro navegar pagina [Alvaro clicks on Selecciona Bolsa]]
[Test worker] WARN net.thucydides.core.steps.BaseStepListener - stepStarted: net.thucydides.core.steps.ExecutedStepDescription@3af58f76
[Test worker] WARN net.thucydides.core.steps.BaseStepListener - stepFinished: current outcome:Verificar documentación de Banco:Dado Que el usuario ingresa a la página del banco [Alvaro opens the Pagina banco], Cuando navega en la pagina [Alvaro navegar pagina [Alvaro clicks on Selecciona Bolsa, Alvaro clicks on Selecciona Bolsa]]
[Test worker] WARN net.thucydides.core.steps.BaseStepListener - stepStarted: net.thucydides.core.steps.ExecutedStepDescription@7bcecef6
[Test worker] WARN net.thucydides.core.steps.BaseStepListener - stepFinished: current outcome:Verificar documentación de Banco:Dado Que el usuario ingresa a la página del banco [Alvaro opens the Pagina banco], Cuando navega en la pagina [Alvaro navegar pagina [Alvaro clicks on Selecciona Bolsa, Alvaro clicks on Selecciona Bolsa, Alvaro clicks on Selecciona Bolsa]]
[Test worker] WARN net.thucydides.core.steps.BaseStepListener - stepStarted: net.thucydides.core.steps.ExecutedStepDescription@399ca607
[Test worker] WARN net.thucydides.core.steps.BaseStepListener - testFinished: Verificar documentación de Banco:Dado Que el usuario ingresa a la página del banco [Alvaro opens the Pagina banco], Cuando navega en la pagina [Alvaro navegar pagina [Alvaro clicks on Selecciona Bolsa, Alvaro clicks on Selecciona Bolsa, Alvaro clicks on Selecciona Bolsa]], Entonces selecciona documento de banco
[Test worker] WARN net.thucydides.core.steps.BaseStepListener - TestOutcomes: [Verificar documentación de Banco:Dado Que el usuario ingresa a la página del banco [Alvaro opens the Pagina banco], Cuando navega en la pagina [Alvaro navegar pagina [Alvaro clicks on Selecciona Bolsa, Alvaro clicks on Selecciona Bolsa, Alvaro clicks on Selecciona Bolsa]], Entonces selecciona documento de banco]
[Test worker] WARN net.thucydides.core.steps.BaseStepListener - Final testOutcomes: [Verificar documentación de Banco:Dado Que el usuario ingresa a la página del banco [Alvaro opens the Pagina banco], Cuando navega en la pagina [Alvaro navegar pagina [Alvaro clicks on Selecciona Bolsa, Alvaro clicks on Selecciona Bolsa, Alvaro clicks on Selecciona Bolsa]], Entonces selecciona documento de banco]
[Test worker] ERROR net.thucydides.core.steps.ConsoleLoggingListener - 
           __  _____ _____ ____ _____   _____ _    ___ _     _____ ____  
  _       / / |_   _| ____/ ___|_   _| |  ___/ \  |_ _| |   | ____|  _ \ 
 (_)_____| |    | | |  _| \___ \ | |   | |_ / _ \  | || |   |  _| | | | |
  _|_____| |    | | | |___ ___) || |   |  _/ ___ \ | || |___| |___| |_| |
 (_)     | |    |_| |_____|____/ |_|   |_|/_/   \_\___|_____|_____|____/ 
          \_\                                                            

TEST FAILED: Verificar documentación de Banco
--------------------------------------------------------------------------
[Test worker] ERROR net.thucydides.core.steps.ConsoleLoggingListener - TEST FAILED AT STEP Alvaro navegar pagina
[Test worker] ERROR net.thucydides.core.steps.ConsoleLoggingListener - Expected: an element that is present but: no matching element found by xpath: //a[@aria-expanded='true'] was not present
</pre>
</span>
</div>
</div>
<div id="footer">
<p>
<div>
<label class="hidden" id="label-for-line-wrapping-toggle" for="line-wrapping-toggle">Wrap lines
<input id="line-wrapping-toggle" type="checkbox" autocomplete="off"/>
</label>
</div>Generated by 
<a href="http://www.gradle.org">Gradle 7.4</a> at 03/02/2023 01:11:22 AM</p>
</div>
</div>
</body>
</html>
